<?xml version="1.0" encoding="UTF-8"?>
<robot generator="Robot 4.1.3 (Python 3.8.5 on win32)" generated="20220314 17:46:18.727" rpa="false" schemaversion="2">
<suite id="s1" name="pesquisarProduto" source="C:\Users\Vanderson\vanderpapi\test-case\pesquisarProduto.robot">
<test id="s1-t1" name="Cenario 1 - Realizar pesquisa sem descrever produto">
<kw name="Dado que estou no site automation practice" library="pesquisarProduto">
<kw name="Open Browser" library="SeleniumLibrary">
<arg>url:</arg>
<arg>gc</arg>
<doc>Opens a new browser instance to the optional ``url``.</doc>
<msg timestamp="20220314 17:46:18.994" level="INFO">Opening browser 'gc' to base url 'url:'.</msg>
<status status="PASS" starttime="20220314 17:46:18.994" endtime="20220314 17:46:20.228"/>
</kw>
<kw name="Go To" library="SeleniumLibrary">
<arg>http://automationpractice.com/</arg>
<doc>Navigates the current browser window to the provided ``url``.</doc>
<msg timestamp="20220314 17:46:20.229" level="INFO">Opening url 'http://automationpractice.com/'</msg>
<status status="PASS" starttime="20220314 17:46:20.228" endtime="20220314 17:46:26.549"/>
</kw>
<status status="PASS" starttime="20220314 17:46:18.993" endtime="20220314 17:46:26.549"/>
</kw>
<kw name="Quando eu fizer uma busca por um produto" library="pesquisarProduto">
<kw name="Click Element" library="SeleniumLibrary">
<arg>//*[@id="searchbox"]/button</arg>
<doc>Click the element identified by ``locator``.</doc>
<msg timestamp="20220314 17:46:26.550" level="INFO">Clicking element '//*[@id="searchbox"]/button'.</msg>
<status status="PASS" starttime="20220314 17:46:26.550" endtime="20220314 17:46:26.598"/>
</kw>
<status status="PASS" starttime="20220314 17:46:26.549" endtime="20220314 17:46:26.599"/>
</kw>
<kw name="Entao não serão exibidos produtos" library="pesquisarProduto">
<kw name="Element Text Should Be" library="SeleniumLibrary">
<arg>//*[@id="center_column"]/p</arg>
<arg>Please enter a search keyword</arg>
<doc>Verifies that element ``locator`` contains exact the text ``expected``.</doc>
<msg timestamp="20220314 17:46:26.600" level="INFO">Verifying element '//*[@id="center_column"]/p' contains exact text 'Please enter a search keyword'.</msg>
<status status="PASS" starttime="20220314 17:46:26.600" endtime="20220314 17:46:28.918"/>
</kw>
<status status="PASS" starttime="20220314 17:46:26.599" endtime="20220314 17:46:28.919"/>
</kw>
<status status="PASS" starttime="20220314 17:46:18.993" endtime="20220314 17:46:28.919"/>
</test>
<test id="s1-t2" name="Cenario 2 - Realizar pesquisa com sucesso">
<kw name="Dado que estou no site automation practice" library="pesquisarProduto">
<kw name="Open Browser" library="SeleniumLibrary">
<arg>url:</arg>
<arg>gc</arg>
<doc>Opens a new browser instance to the optional ``url``.</doc>
<msg timestamp="20220314 17:46:28.921" level="INFO">Opening browser 'gc' to base url 'url:'.</msg>
<status status="PASS" starttime="20220314 17:46:28.921" endtime="20220314 17:46:30.143"/>
</kw>
<kw name="Go To" library="SeleniumLibrary">
<arg>http://automationpractice.com/</arg>
<doc>Navigates the current browser window to the provided ``url``.</doc>
<msg timestamp="20220314 17:46:30.144" level="INFO">Opening url 'http://automationpractice.com/'</msg>
<status status="PASS" starttime="20220314 17:46:30.143" endtime="20220314 17:46:35.520"/>
</kw>
<status status="PASS" starttime="20220314 17:46:28.921" endtime="20220314 17:46:35.521"/>
</kw>
<kw name="E insiro na busca Printed Chiffon Dress" library="pesquisarProduto">
<kw name="Input Text" library="SeleniumLibrary">
<arg>//*[@id="search_query_top"]</arg>
<arg>Printed Chiffon Dress</arg>
<doc>Types the given ``text`` into the text field identified by ``locator``.</doc>
<msg timestamp="20220314 17:46:35.522" level="INFO">Typing text 'Printed Chiffon Dress' into text field '//*[@id="search_query_top"]'.</msg>
<status status="PASS" starttime="20220314 17:46:35.522" endtime="20220314 17:46:35.614"/>
</kw>
<status status="PASS" starttime="20220314 17:46:35.521" endtime="20220314 17:46:35.614"/>
</kw>
<kw name="Quando eu fizer uma busca por um produto" library="pesquisarProduto">
<kw name="Click Element" library="SeleniumLibrary">
<arg>//*[@id="searchbox"]/button</arg>
<doc>Click the element identified by ``locator``.</doc>
<msg timestamp="20220314 17:46:35.616" level="INFO">Clicking element '//*[@id="searchbox"]/button'.</msg>
<status status="PASS" starttime="20220314 17:46:35.615" endtime="20220314 17:46:36.723"/>
</kw>
<status status="PASS" starttime="20220314 17:46:35.615" endtime="20220314 17:46:36.723"/>
</kw>
<kw name="Entao serão exibidos os os vestidos buscados" library="pesquisarProduto">
<kw name="Element Text Should Be" library="SeleniumLibrary">
<arg>//*[@id="center_column"]/h1/span[1]</arg>
<arg>"PRINTED CHIFFON DRESS"</arg>
<doc>Verifies that element ``locator`` contains exact the text ``expected``.</doc>
<msg timestamp="20220314 17:46:36.724" level="INFO">Verifying element '//*[@id="center_column"]/h1/span[1]' contains exact text '"PRINTED CHIFFON DRESS"'.</msg>
<status status="PASS" starttime="20220314 17:46:36.724" endtime="20220314 17:46:36.748"/>
</kw>
<status status="PASS" starttime="20220314 17:46:36.723" endtime="20220314 17:46:36.748"/>
</kw>
<status status="PASS" starttime="20220314 17:46:28.920" endtime="20220314 17:46:36.748"/>
</test>
<test id="s1-t3" name="Cenario 3 - Realizar busca de produto inexistente">
<kw name="Dado que estou no site automation practice" library="pesquisarProduto">
<kw name="Open Browser" library="SeleniumLibrary">
<arg>url:</arg>
<arg>gc</arg>
<doc>Opens a new browser instance to the optional ``url``.</doc>
<msg timestamp="20220314 17:46:36.750" level="INFO">Opening browser 'gc' to base url 'url:'.</msg>
<status status="PASS" starttime="20220314 17:46:36.750" endtime="20220314 17:46:37.988"/>
</kw>
<kw name="Go To" library="SeleniumLibrary">
<arg>http://automationpractice.com/</arg>
<doc>Navigates the current browser window to the provided ``url``.</doc>
<msg timestamp="20220314 17:46:37.988" level="INFO">Opening url 'http://automationpractice.com/'</msg>
<status status="PASS" starttime="20220314 17:46:37.988" endtime="20220314 17:46:42.891"/>
</kw>
<status status="PASS" starttime="20220314 17:46:36.750" endtime="20220314 17:46:42.892"/>
</kw>
<kw name="E inserir na busca produto inexistente" library="pesquisarProduto">
<kw name="Input Text" library="SeleniumLibrary">
<arg>//*[@id="search_query_top"]</arg>
<arg>qssa</arg>
<doc>Types the given ``text`` into the text field identified by ``locator``.</doc>
<msg timestamp="20220314 17:46:42.893" level="INFO">Typing text 'qssa' into text field '//*[@id="search_query_top"]'.</msg>
<status status="PASS" starttime="20220314 17:46:42.893" endtime="20220314 17:46:42.976"/>
</kw>
<status status="PASS" starttime="20220314 17:46:42.892" endtime="20220314 17:46:42.976"/>
</kw>
<kw name="Quando eu fizer uma busca por um produto" library="pesquisarProduto">
<kw name="Click Element" library="SeleniumLibrary">
<arg>//*[@id="searchbox"]/button</arg>
<doc>Click the element identified by ``locator``.</doc>
<msg timestamp="20220314 17:46:42.977" level="INFO">Clicking element '//*[@id="searchbox"]/button'.</msg>
<status status="PASS" starttime="20220314 17:46:42.977" endtime="20220314 17:46:44.492"/>
</kw>
<status status="PASS" starttime="20220314 17:46:42.977" endtime="20220314 17:46:44.492"/>
</kw>
<kw name="Entao não serão exibidos produtos com o nome qssa" library="pesquisarProduto">
<kw name="Element Text Should Be" library="SeleniumLibrary">
<arg>//*[@id="center_column"]/p</arg>
<arg>No results were found for your search "qssa"</arg>
<doc>Verifies that element ``locator`` contains exact the text ``expected``.</doc>
<msg timestamp="20220314 17:46:44.494" level="INFO">Verifying element '//*[@id="center_column"]/p' contains exact text 'No results were found for your search "qssa"'.</msg>
<status status="PASS" starttime="20220314 17:46:44.493" endtime="20220314 17:46:44.515"/>
</kw>
<status status="PASS" starttime="20220314 17:46:44.493" endtime="20220314 17:46:44.516"/>
</kw>
<status status="PASS" starttime="20220314 17:46:36.749" endtime="20220314 17:46:44.516"/>
</test>
<test id="s1-t4" name="Cenario 4 - Realizar busca por categoria">
<kw name="Dado que estou no site automation practice" library="pesquisarProduto">
<kw name="Open Browser" library="SeleniumLibrary">
<arg>url:</arg>
<arg>gc</arg>
<doc>Opens a new browser instance to the optional ``url``.</doc>
<msg timestamp="20220314 17:46:44.518" level="INFO">Opening browser 'gc' to base url 'url:'.</msg>
<status status="PASS" starttime="20220314 17:46:44.518" endtime="20220314 17:46:45.752"/>
</kw>
<kw name="Go To" library="SeleniumLibrary">
<arg>http://automationpractice.com/</arg>
<doc>Navigates the current browser window to the provided ``url``.</doc>
<msg timestamp="20220314 17:46:45.753" level="INFO">Opening url 'http://automationpractice.com/'</msg>
<status status="PASS" starttime="20220314 17:46:45.752" endtime="20220314 17:46:57.865"/>
</kw>
<status status="PASS" starttime="20220314 17:46:44.518" endtime="20220314 17:46:57.865"/>
</kw>
<kw name="E inserir na busca categoria t-shirt" library="pesquisarProduto">
<kw name="Input Text" library="SeleniumLibrary">
<arg>//*[@id="search_query_top"]</arg>
<arg>t-shirt</arg>
<doc>Types the given ``text`` into the text field identified by ``locator``.</doc>
<msg timestamp="20220314 17:46:57.867" level="INFO">Typing text 't-shirt' into text field '//*[@id="search_query_top"]'.</msg>
<status status="PASS" starttime="20220314 17:46:57.866" endtime="20220314 17:46:57.949"/>
</kw>
<status status="PASS" starttime="20220314 17:46:57.866" endtime="20220314 17:46:57.949"/>
</kw>
<kw name="Quando eu fizer uma busca por um produto" library="pesquisarProduto">
<kw name="Click Element" library="SeleniumLibrary">
<arg>//*[@id="searchbox"]/button</arg>
<doc>Click the element identified by ``locator``.</doc>
<msg timestamp="20220314 17:46:57.950" level="INFO">Clicking element '//*[@id="searchbox"]/button'.</msg>
<status status="PASS" starttime="20220314 17:46:57.950" endtime="20220314 17:47:00.433"/>
</kw>
<status status="PASS" starttime="20220314 17:46:57.950" endtime="20220314 17:47:00.433"/>
</kw>
<kw name="Entao serão exibidos os resultados de busca para o produto t-shirt" library="pesquisarProduto">
<kw name="Element Text Should Be" library="SeleniumLibrary">
<arg>//*[@id="center_column"]/h1/span[1]</arg>
<arg>"T-SHIRT"</arg>
<doc>Verifies that element ``locator`` contains exact the text ``expected``.</doc>
<msg timestamp="20220314 17:47:00.434" level="INFO">Verifying element '//*[@id="center_column"]/h1/span[1]' contains exact text '"T-SHIRT"'.</msg>
<status status="PASS" starttime="20220314 17:47:00.434" endtime="20220314 17:47:00.457"/>
</kw>
<status status="PASS" starttime="20220314 17:47:00.434" endtime="20220314 17:47:00.457"/>
</kw>
<status status="PASS" starttime="20220314 17:46:44.517" endtime="20220314 17:47:00.457"/>
</test>
<kw name="Close All Browsers" library="SeleniumLibrary" type="TEARDOWN">
<doc>Closes all open browsers and resets the browser cache.</doc>
<status status="PASS" starttime="20220314 17:47:00.459" endtime="20220314 17:47:09.025"/>
</kw>
<status status="PASS" starttime="20220314 17:46:18.729" endtime="20220314 17:47:09.025"/>
</suite>
<statistics>
<total>
<stat pass="4" fail="0" skip="0">All Tests</stat>
</total>
<tag>
</tag>
<suite>
<stat pass="4" fail="0" skip="0" id="s1" name="pesquisarProduto">pesquisarProduto</stat>
</suite>
</statistics>
<errors>
</errors>
</robot>
