<?xml version="1.0" encoding="UTF-8"?>
<robot generator="Robot 4.1.3 (Python 3.8.5 on win32)" generated="20220315 16:53:35.114" rpa="false" schemaversion="2">
<suite id="s1" name="pesquisarProduto" source="C:\Users\Vanderson\vanderpapi\test-case\pesquisarProduto.robot">
<kw name="Abrir navegador" library="resource" type="SETUP">
<kw name="Open Browser" library="SeleniumLibrary">
<arg>url:</arg>
<arg>gc</arg>
<doc>Opens a new browser instance to the optional ``url``.</doc>
<msg timestamp="20220315 16:53:35.395" level="INFO">Opening browser 'gc' to base url 'url:'.</msg>
<status status="PASS" starttime="20220315 16:53:35.395" endtime="20220315 16:53:36.642"/>
</kw>
<status status="PASS" starttime="20220315 16:53:35.394" endtime="20220315 16:53:36.642"/>
</kw>
<test id="s1-t1" name="Cenario 1 - Realizar pesquisa sem descrever produto">
<kw name="Dado que estou no site automation practice" library="pesquisarProduto">
<kw name="Go To" library="SeleniumLibrary">
<arg>http://automationpractice.com/</arg>
<doc>Navigates the current browser window to the provided ``url``.</doc>
<msg timestamp="20220315 16:53:36.646" level="INFO">Opening url 'http://automationpractice.com/'</msg>
<status status="PASS" starttime="20220315 16:53:36.646" endtime="20220315 16:53:41.734"/>
</kw>
<status status="PASS" starttime="20220315 16:53:36.645" endtime="20220315 16:53:41.734"/>
</kw>
<kw name="Quando eu fizer uma busca por um produto" library="pesquisarProduto">
<kw name="Click Element" library="SeleniumLibrary">
<arg>//*[@id="searchbox"]/button</arg>
<doc>Click the element identified by ``locator``.</doc>
<msg timestamp="20220315 16:53:41.735" level="INFO">Clicking element '//*[@id="searchbox"]/button'.</msg>
<status status="PASS" starttime="20220315 16:53:41.735" endtime="20220315 16:53:41.788"/>
</kw>
<status status="PASS" starttime="20220315 16:53:41.734" endtime="20220315 16:53:41.788"/>
</kw>
<kw name="Entao não serão exibidos produtos" library="pesquisarProduto">
<kw name="Element Text Should Be" library="SeleniumLibrary">
<arg>${PESQUISAR_PRODUTO_TEXT_FALHA}</arg>
<arg>Please enter a search keyword</arg>
<doc>Verifies that element ``locator`` contains exact the text ``expected``.</doc>
<msg timestamp="20220315 16:53:41.791" level="INFO">Verifying element '//*[@class="alert alert-warning"]' contains exact text 'Please enter a search keyword'.</msg>
<status status="PASS" starttime="20220315 16:53:41.790" endtime="20220315 16:53:44.128"/>
</kw>
<status status="PASS" starttime="20220315 16:53:41.789" endtime="20220315 16:53:44.128"/>
</kw>
<status status="PASS" starttime="20220315 16:53:36.642" endtime="20220315 16:53:44.128"/>
</test>
<test id="s1-t2" name="Cenario 2 - Realizar pesquisa com sucesso">
<kw name="Dado que estou no site automation practice" library="pesquisarProduto">
<kw name="Go To" library="SeleniumLibrary">
<arg>http://automationpractice.com/</arg>
<doc>Navigates the current browser window to the provided ``url``.</doc>
<msg timestamp="20220315 16:53:44.131" level="INFO">Opening url 'http://automationpractice.com/'</msg>
<status status="PASS" starttime="20220315 16:53:44.130" endtime="20220315 16:53:46.132"/>
</kw>
<status status="PASS" starttime="20220315 16:53:44.130" endtime="20220315 16:53:46.133"/>
</kw>
<kw name="E insiro na busca Printed Chiffon Dress" library="pesquisarProduto">
<kw name="Input Text" library="SeleniumLibrary">
<arg>//*[@id="search_query_top"]</arg>
<arg>Printed Chiffon Dress</arg>
<doc>Types the given ``text`` into the text field identified by ``locator``.</doc>
<msg timestamp="20220315 16:53:46.134" level="INFO">Typing text 'Printed Chiffon Dress' into text field '//*[@id="search_query_top"]'.</msg>
<status status="PASS" starttime="20220315 16:53:46.134" endtime="20220315 16:53:46.224"/>
</kw>
<status status="PASS" starttime="20220315 16:53:46.133" endtime="20220315 16:53:46.224"/>
</kw>
<kw name="Quando eu fizer uma busca por um produto" library="pesquisarProduto">
<kw name="Click Element" library="SeleniumLibrary">
<arg>//*[@id="searchbox"]/button</arg>
<doc>Click the element identified by ``locator``.</doc>
<msg timestamp="20220315 16:53:46.225" level="INFO">Clicking element '//*[@id="searchbox"]/button'.</msg>
<status status="PASS" starttime="20220315 16:53:46.225" endtime="20220315 16:53:47.583"/>
</kw>
<status status="PASS" starttime="20220315 16:53:46.225" endtime="20220315 16:53:47.583"/>
</kw>
<kw name="Entao serão exibidos os os vestidos buscados" library="pesquisarProduto">
<kw name="Element Text Should Be" library="SeleniumLibrary">
<arg>//*[@id="center_column"]/h1/span[1]</arg>
<arg>"PRINTED CHIFFON DRESS"</arg>
<doc>Verifies that element ``locator`` contains exact the text ``expected``.</doc>
<msg timestamp="20220315 16:53:47.584" level="INFO">Verifying element '//*[@id="center_column"]/h1/span[1]' contains exact text '"PRINTED CHIFFON DRESS"'.</msg>
<status status="PASS" starttime="20220315 16:53:47.584" endtime="20220315 16:53:47.606"/>
</kw>
<status status="PASS" starttime="20220315 16:53:47.584" endtime="20220315 16:53:47.606"/>
</kw>
<status status="PASS" starttime="20220315 16:53:44.129" endtime="20220315 16:53:47.607"/>
</test>
<test id="s1-t3" name="Cenario 3 - Realizar busca de produto inexistente">
<kw name="Dado que estou no site automation practice" library="pesquisarProduto">
<kw name="Go To" library="SeleniumLibrary">
<arg>http://automationpractice.com/</arg>
<doc>Navigates the current browser window to the provided ``url``.</doc>
<msg timestamp="20220315 16:53:47.609" level="INFO">Opening url 'http://automationpractice.com/'</msg>
<status status="PASS" starttime="20220315 16:53:47.609" endtime="20220315 16:53:51.560"/>
</kw>
<status status="PASS" starttime="20220315 16:53:47.608" endtime="20220315 16:53:51.560"/>
</kw>
<kw name="E inserir na busca produto inexistente" library="pesquisarProduto">
<kw name="Input Text" library="SeleniumLibrary">
<arg>//*[@id="search_query_top"]</arg>
<arg>qssa</arg>
<doc>Types the given ``text`` into the text field identified by ``locator``.</doc>
<msg timestamp="20220315 16:53:51.562" level="INFO">Typing text 'qssa' into text field '//*[@id="search_query_top"]'.</msg>
<status status="PASS" starttime="20220315 16:53:51.561" endtime="20220315 16:53:51.653"/>
</kw>
<status status="PASS" starttime="20220315 16:53:51.561" endtime="20220315 16:53:51.653"/>
</kw>
<kw name="Quando eu fizer uma busca por um produto" library="pesquisarProduto">
<kw name="Click Element" library="SeleniumLibrary">
<arg>//*[@id="searchbox"]/button</arg>
<doc>Click the element identified by ``locator``.</doc>
<msg timestamp="20220315 16:53:51.654" level="INFO">Clicking element '//*[@id="searchbox"]/button'.</msg>
<status status="PASS" starttime="20220315 16:53:51.654" endtime="20220315 16:53:52.548"/>
</kw>
<status status="PASS" starttime="20220315 16:53:51.654" endtime="20220315 16:53:52.549"/>
</kw>
<kw name="Entao não serão exibidos produtos com o nome qssa" library="pesquisarProduto">
<kw name="Element Text Should Be" library="SeleniumLibrary">
<arg>${PESQUISAR_PRODUTO_TEXT_FALHA}</arg>
<arg>No results were found for your search "qssa"</arg>
<doc>Verifies that element ``locator`` contains exact the text ``expected``.</doc>
<msg timestamp="20220315 16:53:52.550" level="INFO">Verifying element '//*[@class="alert alert-warning"]' contains exact text 'No results were found for your search "qssa"'.</msg>
<status status="PASS" starttime="20220315 16:53:52.550" endtime="20220315 16:53:52.576"/>
</kw>
<status status="PASS" starttime="20220315 16:53:52.549" endtime="20220315 16:53:52.576"/>
</kw>
<status status="PASS" starttime="20220315 16:53:47.608" endtime="20220315 16:53:52.576"/>
</test>
<test id="s1-t4" name="Cenario 4 - Realizar busca por categoria">
<kw name="Dado que estou no site automation practice" library="pesquisarProduto">
<kw name="Go To" library="SeleniumLibrary">
<arg>http://automationpractice.com/</arg>
<doc>Navigates the current browser window to the provided ``url``.</doc>
<msg timestamp="20220315 16:53:52.579" level="INFO">Opening url 'http://automationpractice.com/'</msg>
<status status="PASS" starttime="20220315 16:53:52.579" endtime="20220315 16:53:55.868"/>
</kw>
<status status="PASS" starttime="20220315 16:53:52.578" endtime="20220315 16:53:55.868"/>
</kw>
<kw name="E inserir na busca categoria t-shirt" library="pesquisarProduto">
<kw name="Input Text" library="SeleniumLibrary">
<arg>//*[@id="search_query_top"]</arg>
<arg>t-shirt</arg>
<doc>Types the given ``text`` into the text field identified by ``locator``.</doc>
<msg timestamp="20220315 16:53:55.869" level="INFO">Typing text 't-shirt' into text field '//*[@id="search_query_top"]'.</msg>
<status status="PASS" starttime="20220315 16:53:55.869" endtime="20220315 16:53:55.946"/>
</kw>
<status status="PASS" starttime="20220315 16:53:55.869" endtime="20220315 16:53:55.946"/>
</kw>
<kw name="Quando eu fizer uma busca por um produto" library="pesquisarProduto">
<kw name="Click Element" library="SeleniumLibrary">
<arg>//*[@id="searchbox"]/button</arg>
<doc>Click the element identified by ``locator``.</doc>
<msg timestamp="20220315 16:53:55.947" level="INFO">Clicking element '//*[@id="searchbox"]/button'.</msg>
<status status="PASS" starttime="20220315 16:53:55.947" endtime="20220315 16:53:58.428"/>
</kw>
<status status="PASS" starttime="20220315 16:53:55.946" endtime="20220315 16:53:58.428"/>
</kw>
<kw name="Entao serão exibidos os resultados de busca para o produto t-shirt" library="pesquisarProduto">
<kw name="Element Text Should Be" library="SeleniumLibrary">
<arg>//*[@id="center_column"]/h1/span[1]</arg>
<arg>"T-SHIRT"</arg>
<doc>Verifies that element ``locator`` contains exact the text ``expected``.</doc>
<msg timestamp="20220315 16:53:58.429" level="INFO">Verifying element '//*[@id="center_column"]/h1/span[1]' contains exact text '"T-SHIRT"'.</msg>
<status status="PASS" starttime="20220315 16:53:58.429" endtime="20220315 16:53:58.451"/>
</kw>
<status status="PASS" starttime="20220315 16:53:58.429" endtime="20220315 16:53:58.451"/>
</kw>
<status status="PASS" starttime="20220315 16:53:52.578" endtime="20220315 16:53:58.451"/>
</test>
<kw name="Close All Browsers" library="SeleniumLibrary" type="TEARDOWN">
<doc>Closes all open browsers and resets the browser cache.</doc>
<status status="PASS" starttime="20220315 16:53:58.453" endtime="20220315 16:54:00.610"/>
</kw>
<status status="PASS" starttime="20220315 16:53:35.116" endtime="20220315 16:54:00.610"/>
</suite>
<statistics>
<total>
<stat pass="4" fail="0" skip="0">All Tests</stat>
</total>
<tag>
</tag>
<suite>
<stat pass="4" fail="0" skip="0" id="s1" name="pesquisarProduto">pesquisarProduto</stat>
</suite>
</statistics>
<errors>
</errors>
</robot>
